--- Generating data for dirichlet-alpha: 100 ---
Creating ECG dataset with 2 clients, 500 patients each
Duration: 120.0s, Variable duration: False, Alpha: 100.0, Seed: 2
Generating patient data...
Generated 50 patients...
Generated 100 patients...
Generated 150 patients...
Generated 200 patients...
Generated 250 patients...
Generated 300 patients...
Generated 350 patients...
Generated 400 patients...
Generated 450 patients...
Generated 500 patients...
Generated 550 patients...
Generated 600 patients...
Generated 650 patients...
Generated 700 patients...
Generated 750 patients...
Generated 800 patients...
Generated 850 patients...
Generated 900 patients...
Generated 950 patients...
Generated 1000 patients...
Generated 1000 total patients across 2 clients
Client 0: 500 patients, archetypes: {'healthy_young': 127, 'athlete': 115, 'cardiac_outpatient': 90, 'icu_critical': 118, 'elderly_frail': 50}, comorbidity: {'renal_disease': 83, 'heart_failure': 145, 'first_degree_av_block': 42}, region: north_america
Client 1: 500 patients, archetypes: {'icu_critical': 87, 'athlete': 94, 'cardiac_outpatient': 110, 'healthy_young': 135, 'elderly_frail': 74}, comorbidity: {'copd': 93, 'pvc_burden_moderate': 65, 'old_anterior_mi': 75}, region: north_america

Saving datasets to /gpfs/commons/groups/gursoy_lab/aelhussein/fl4tsf / data/ecg_clinical_100.0/...
Signal lengths: [24360, 47040, 33696, 52503, 36075, 105435, 148622, 33495, 100860, 64206, 131184, 89880, 51912, 85176, 52920, 48312, 43014, 44280, 73425, 64578, 37380, 31080, 44928, 106176, 38470, 141572, 66066, 93834, 17955, 36592, 29684, 24675, 51345, 103785, 63651, 57120, 30780, 23205, 125280, 50085, 40482, 13440, 57194, 22470, 15435, 29526, 14985, 14175, 30240, 109707, 137206, 60639, 64944, 23100, 25620, 54834, 52680, 21630, 39480, 29610, 46048, 19536, 101178, 35604, 54150, 23625, 100737, 66276, 32992, 23205, 34755, 37380, 51548, 78540, 32550, 51862, 43956, 96471, 31226, 53724, 21210, 20370, 51345, 32619, 21105, 44346, 28980, 17205, 16590, 45780, 17430, 37485, 26460, 22995, 39312, 79942, 18060, 14805, 133569, 25515, 99180, 49395, 38304, 86782, 19740, 22365, 97194, 98302, 45360, 48615, 40950, 44100, 23310, 37122, 22995, 119722, 45732, 44217, 20055, 62700, 106572, 37884, 100161, 49350, 25305, 56376, 15225, 15540, 43575, 30303, 40194, 48615, 41535, 23205, 32235, 69488, 61110, 26880, 15645, 98812, 21978, 80964, 23730, 41148, 51555, 21420, 40718, 32768, 123156, 110781, 86700, 45150, 17010, 26145, 25536, 40530, 107010, 91611, 42210, 84972, 17850, 79214, 114021, 24990, 43995, 26196, 28770, 23520, 14805, 22260, 41067, 40131, 20055, 25935, 20370, 119212, 65403, 44004, 24255, 17430, 23730, 38988, 41580, 96900, 19425, 28140, 13965, 28980, 129096, 47518, 95656, 102638, 100302, 21735, 107960, 50400, 23754, 48300, 105228, 29082, 50274, 109228, 41760, 25200, 102663, 53799, 136758, 29400, 35070, 87848, 56430, 40710, 46764, 27648, 49572, 112456, 42315, 90228, 23835, 58539, 85239, 117909, 43068, 29715, 17604, 21210, 47775, 14700, 54489, 30975, 23940, 38498, 93568, 36960, 19635, 100831, 45960, 49904, 16590, 54639, 36936, 101556, 24360, 22260, 79218, 20055, 18585, 105825, 32655, 30552, 26985, 37074, 100716, 48357, 16695, 38346, 49704, 22575, 24045, 42525, 46935, 41580, 19005, 88515, 21210, 98948, 35490, 22155, 46316, 68142, 40434, 14490, 26460, 49875, 19530, 48184, 55932, 21315, 44625, 24570, 43776, 75225, 14070, 50283, 80142, 36852, 21735, 41265, 24885, 17220, 21420, 22050, 52080, 22365, 47145, 107738, 82944, 35385, 53667, 41662, 80198, 56406, 25305, 101326, 23100, 16740, 97052, 71880, 18690, 48090, 45936, 19215, 88330, 19005, 43575, 14385, 24675, 23310, 34998, 42966, 34545, 45570, 51414, 42927, 52140, 13860, 73330, 49938, 44730, 80512, 95256, 91838, 45780, 29820, 19872, 30069, 14070, 22995, 92340, 75108, 43785, 59736, 26145, 51030, 88479, 39072, 130234, 14910, 19425, 26985, 42525, 139077, 14070, 44145, 23730, 128613, 41696, 20370, 120807, 22785, 101475, 34650, 20370, 30135, 24675, 32865, 42630, 28980, 33966, 17640, 17220, 48720, 29952, 41100, 36225, 47502, 36540, 37275, 129058, 37065, 20160, 42735, 23520, 26145, 30660, 54786, 18480, 23730, 28245, 41553, 20370, 39942, 24360, 59250, 48236, 44940, 20646, 82992, 15645, 18585, 43173, 48615, 131904, 22575, 25095, 51660, 43218, 124853, 100966, 17850, 49980, 73826, 40932, 153562, 57288, 50787, 53444, 22155, 46284, 83160, 89954, 38808, 33291, 33075, 17325, 34440, 38720, 51678, 23940, 33705, 40530, 110058, 54008, 13860, 42420, 89112, 24465, 25308, 34870, 48057, 48000, 62496, 40260, 106248, 57288, 45990, 33744, 14070, 53098, 16905, 41120, 44100, 111267, 107784, 84735, 117166, 22260, 52725, 37908, 21210, 17325, 35280, 21525, 23205, 63622, 68102, 48195, 47775, 63726, 16695, 47565, 15750, 49694, 36504, 83475, 20475, 101094, 15645, 102168, 16065, 70448, 25620, 47145, 105574, 42206, 37800, 13650, 126808, 17745, 22995, 69687, 49665, 49665, 83325, 17535, 51660, 79059, 39429, 65340, 49140]
Max length: 153562
Split distribution: {'train': 400, 'test': 100}
Validating data alignment for client_0...
Total metadata rows: 500
Train tensor size: 400, Test tensor size: 100
Train metadata size: 400, Test metadata size: 100
Saved client_0: 400 train, 100 test samples
Signal lengths - Original: 13440-153562, Padded: 153562
Data alignment validated successfully!
Signal lengths: [72765, 42105, 21840, 55575, 54400, 52290, 19950, 39218, 41736, 42840, 43911, 15330, 72900, 43480, 17430, 34545, 23730, 34680, 37485, 50925, 49020, 40071, 27090, 13965, 17220, 45360, 131230, 35595, 33480, 100440, 46509, 16758, 54240, 43470, 34230, 41265, 47034, 57564, 33792, 43132, 16590, 43512, 30660, 30210, 114922, 107352, 24990, 38106, 23730, 41820, 49245, 31500, 22050, 16380, 23835, 112868, 34443, 45840, 46626, 57591, 84075, 59976, 42210, 15750, 15120, 129624, 110331, 54522, 44834, 14070, 97200, 18810, 80962, 108902, 38220, 28140, 109956, 41316, 41895, 44802, 26040, 24885, 25305, 24360, 50328, 24570, 46854, 61204, 36603, 17745, 49035, 47793, 75816, 25725, 69531, 99324, 52521, 45684, 22680, 68085, 13755, 26040, 29085, 21315, 49248, 23520, 41706, 62730, 72482, 41475, 56150, 41262, 41067, 20475, 39840, 16590, 110565, 23652, 47508, 34755, 86802, 39585, 14070, 37275, 24360, 41679, 102600, 44712, 33864, 50820, 59388, 22785, 94239, 20580, 23940, 15120, 42000, 36670, 21630, 43785, 41472, 104040, 42558, 34020, 127776, 25200, 18900, 22575, 49020, 38961, 25830, 36741, 53906, 23940, 24150, 35409, 28614, 53586, 99675, 107530, 19110, 43260, 96642, 50049, 58024, 15228, 65736, 16485, 19425, 22155, 21315, 62685, 32292, 52782, 57472, 53550, 40450, 23625, 33147, 134091, 25935, 25095, 45978, 25410, 21735, 38880, 61008, 37560, 32235, 38010, 39840, 34020, 29925, 43371, 52650, 46170, 45990, 14805, 37089, 57915, 24045, 41334, 89712, 43524, 115623, 79152, 85312, 114768, 41685, 122440, 108234, 17010, 21420, 50661, 24675, 25725, 59274, 46725, 23940, 97982, 111180, 15330, 23940, 44478, 29700, 102726, 19740, 44835, 49140, 54492, 26985, 100695, 37065, 51282, 80640, 23205, 19203, 22311, 37905, 50190, 39366, 58072, 47628, 59565, 48093, 22995, 20580, 34194, 44625, 71384, 48300, 13860, 39039, 38038, 17640, 36918, 25080, 15015, 21210, 49350, 34560, 23205, 25095, 43848, 19950, 19092, 36036, 54864, 43941, 49455, 18690, 76734, 41958, 44674, 81562, 45879, 90632, 19845, 48195, 22260, 48090, 38880, 131788, 36812, 16590, 16590, 32550, 21840, 81624, 18690, 22644, 16983, 21420, 32440, 18480, 25725, 47775, 36120, 13965, 20895, 83276, 22575, 100971, 115060, 37275, 110865, 51862, 72022, 55726, 79474, 40470, 45465, 68520, 49035, 42315, 56703, 34686, 24045, 21315, 45990, 114944, 50880, 54945, 32301, 39900, 53244, 108927, 51030, 21315, 124251, 13545, 39375, 37485, 21840, 16590, 17955, 41736, 41956, 42120, 20790, 49665, 48615, 35802, 31920, 19425, 15120, 30240, 87044, 25725, 16905, 20685, 137475, 83986, 35640, 39600, 92505, 26529, 36645, 31920, 67936, 51660, 61617, 41580, 46725, 14385, 74242, 54747, 115090, 91134, 65379, 102375, 147420, 55382, 109494, 13440, 24990, 30975, 54948, 28770, 56979, 22470, 23205, 20160, 32440, 20580, 41280, 49086, 38661, 40635, 122094, 15873, 114513, 41594, 79222, 103584, 56100, 64368, 23205, 31752, 15225, 16065, 48825, 54810, 51417, 118811, 15645, 21978, 33285, 91728, 13860, 48676, 44104, 23625, 28245, 53124, 48825, 16170, 45990, 44761, 38434, 22260, 34545, 16065, 16170, 127887, 118017, 49980, 54468, 24885, 23310, 39270, 25305, 36045, 33390, 41086, 34440, 44960, 14910, 17010, 20790, 54862, 39990, 44236, 18480, 28350, 50112, 48327, 27090, 41370, 42315, 25830, 26775, 16380, 43726, 23310, 43734, 56643, 43470, 19950, 49245, 15552, 40460, 26145, 20055, 53544, 50040, 48405, 110794, 33898, 19740, 95188, 17115, 49455, 102114, 36848, 48300, 49851, 28875, 46620, 55320, 25620, 104976, 23310, 16170, 23310, 40216, 19110, 24570, 22470, 50174, 52182, 66686, 31080, 76314, 17850, 90898, 85658, 52275, 49350, 131688]
Max length: 147420
Split distribution: {'train': 400, 'test': 100}
Validating data alignment for client_1...
Total metadata rows: 500
Train tensor size: 400, Test tensor size: 100
Train metadata size: 400, Test metadata size: 100
Saved client_1: 400 train, 100 test samples
Signal lengths - Original: 13440-147420, Padded: 147420
Data alignment validated successfully!
Saved dataset summary to /gpfs/commons/groups/gursoy_lab/aelhussein/fl4tsf/data/ecg_clinical_100.0/dataset_summary.csv

Dataset Statistics:
Total patients: 1000
Clients: 2
Geography distribution: {'north_america': 2}
Mean HR range: 72.7-74.0 bpm
Mean QT range: 385-387 ms

Dataset generation complete!
--- Generating data for dirichlet-alpha: 10 ---
Creating ECG dataset with 2 clients, 500 patients each
Duration: 120.0s, Variable duration: False, Alpha: 10.0, Seed: 2
Generating patient data...
Generated 50 patients...
Generated 100 patients...
Generated 150 patients...
Generated 200 patients...
Generated 250 patients...
Generated 300 patients...
Generated 350 patients...
Generated 400 patients...
Generated 450 patients...
Generated 500 patients...
Generated 550 patients...
Generated 600 patients...
Generated 650 patients...
Generated 700 patients...
Generated 750 patients...
Generated 800 patients...
Generated 850 patients...
Generated 900 patients...
Generated 950 patients...
Generated 1000 patients...
Generated 1000 total patients across 2 clients
Client 0: 500 patients, archetypes: {'elderly_frail': 73, 'athlete': 188, 'cardiac_outpatient': 77, 'healthy_young': 116, 'icu_critical': 46}, comorbidity: {'diabetes': 62, 'pvc_burden_moderate': 57, 'right_bundle_branch_block': 31}, region: north_america
Client 1: 500 patients, archetypes: {'cardiac_outpatient': 103, 'healthy_young': 155, 'icu_critical': 108, 'athlete': 94, 'elderly_frail': 40}, comorbidity: {'diabetes': 98, 'renal_disease': 80, 'heart_failure': 137}, region: north_america

Saving datasets to /gpfs/commons/groups/gursoy_lab/aelhussein/fl4tsf / data/ecg_clinical_10.0/...
Signal lengths: [46728, 42846, 39585, 27615, 51382, 48735, 31290, 41134, 56245, 45990, 38880, 42624, 56100, 19005, 55575, 78840, 16695, 57348, 40845, 23310, 14208, 43365, 36828, 39060, 36936, 46620, 40635, 31857, 110805, 33705, 137505, 16380, 24465, 23940, 22680, 14805, 42636, 33495, 53865, 60489, 35595, 43425, 38406, 31500, 26040, 26145, 115661, 56448, 51975, 33285, 25935, 48504, 20265, 53312, 16695, 41475, 43344, 30414, 46515, 28245, 34560, 16590, 30870, 25095, 31500, 23205, 112860, 22365, 112006, 35805, 51638, 47775, 29820, 39946, 141280, 22890, 115965, 58928, 23205, 49245, 34020, 38222, 18795, 44835, 31920, 31080, 45153, 24990, 39600, 51030, 18690, 62348, 23205, 56248, 32340, 40320, 18165, 35910, 22260, 57120, 46808, 69201, 37800, 16170, 37800, 45843, 43758, 50190, 16380, 19110, 112882, 20580, 49665, 51765, 45622, 29925, 41265, 37275, 50925, 46095, 24045, 23625, 44205, 93172, 42513, 26775, 50925, 30132, 33705, 17430, 51192, 14175, 37485, 35385, 24465, 35964, 31920, 52080, 26670, 44940, 32130, 16275, 41895, 50481, 54531, 46095, 39585, 46830, 39900, 47085, 46968, 26145, 38955, 33702, 25200, 40635, 27090, 14490, 37800, 35796, 33705, 48396, 40200, 25410, 42840, 51603, 31080, 49770, 14805, 122074, 51638, 75600, 47250, 18900, 32445, 36855, 44835, 40392, 67860, 69332, 20265, 40110, 67604, 38220, 48510, 19635, 94458, 45843, 51030, 16590, 25305, 18690, 32970, 36855, 39690, 35235, 24675, 30618, 28665, 56160, 20790, 47565, 26529, 26880, 21000, 30324, 16065, 17535, 69993, 149112, 28860, 34650, 54720, 46410, 32760, 31623, 36960, 28875, 25305, 121212, 21420, 116145, 23625, 48405, 45570, 25620, 32190, 39975, 36572, 31290, 33630, 45885, 36960, 42522, 50502, 55560, 23310, 49374, 32130, 17220, 25830, 32550, 21420, 31833, 21210, 134244, 24570, 15540, 34650, 48195, 43784, 20475, 52026, 15645, 33288, 27615, 50085, 101967, 34230, 19530, 36852, 45045, 44697, 42000, 51135, 21945, 15330, 116030, 36075, 22470, 17745, 24360, 32256, 60060, 24255, 56277, 37695, 23205, 91227, 46515, 13650, 34428, 45780, 22680, 29085, 42600, 14070, 117273, 27300, 47994, 29295, 49245, 43016, 30780, 69696, 50610, 39900, 20685, 115304, 101559, 24045, 90112, 40635, 14490, 22260, 51984, 23730, 49680, 25620, 16590, 62823, 110103, 13965, 35490, 48831, 21525, 39744, 51450, 40530, 45465, 19635, 22785, 33390, 41118, 47985, 19740, 35805, 25095, 15435, 50820, 45360, 45780, 25410, 33495, 120582, 46305, 13545, 21945, 26040, 15855, 71874, 27195, 17535, 43641, 33532, 47268, 33975, 25725, 125631, 34749, 67192, 23625, 29085, 48182, 25410, 29190, 42624, 41067, 63128, 14490, 17325, 52890, 26355, 60142, 21840, 67230, 99227, 45255, 52415, 31080, 47460, 50180, 50190, 25095, 26880, 19320, 49245, 58142, 27018, 19530, 63900, 25200, 23310, 45465, 19869, 18690, 123820, 23205, 49936, 19215, 28560, 52185, 21000, 78000, 31920, 46284, 17640, 17010, 39480, 29085, 23625, 21840, 38535, 15225, 47040, 23088, 124853, 17220, 17850, 51660, 22890, 40932, 30873, 47138, 32235, 41724, 26460, 36960, 14280, 20895, 20790, 32340, 37260, 25935, 19845, 46935, 50925, 66644, 107388, 28455, 45780, 69498, 29190, 83925, 37590, 29859, 17115, 47736, 25200, 106199, 56628, 53592, 16065, 40845, 19740, 47985, 69600, 36741, 52002, 46324, 45675, 36750, 31185, 24990, 45045, 22260, 25410, 43665, 49245, 25620, 23760, 56196, 39310, 27510, 36976, 47397, 58072, 15435, 40460, 119542, 21945, 60516, 68880, 22698, 57879, 14385, 35682, 17010, 39168, 21525, 34440, 14175, 118575, 27405, 34142, 45885, 32970, 53169, 25935, 42180, 90692, 41055, 20895, 64075, 39060, 17220, 38418, 23415, 61662, 105678]
Max length: 149112
Split distribution: {'train': 400, 'test': 100}
Validating data alignment for client_0...
Total metadata rows: 500
Train tensor size: 400, Test tensor size: 100
Train metadata size: 400, Test metadata size: 100
Saved client_0: 400 train, 100 test samples
Signal lengths - Original: 13545-149112, Padded: 149112
Data alignment validated successfully!
Signal lengths: [35732, 21105, 13650, 106296, 25308, 87602, 56457, 114882, 78150, 110124, 32970, 47940, 42000, 45792, 56430, 148629, 42192, 45045, 104080, 55566, 14490, 97042, 21735, 23205, 117004, 39262, 88920, 50610, 42315, 102528, 20196, 47250, 82904, 19950, 38430, 24675, 79080, 23100, 19215, 48888, 105678, 38640, 127302, 51660, 51975, 51510, 18900, 20313, 21000, 59132, 55746, 50600, 92193, 32319, 40290, 48636, 48068, 47880, 91838, 94419, 28350, 66832, 16695, 89100, 14874, 51168, 21735, 36450, 38010, 60324, 52503, 21420, 48038, 97483, 30888, 58782, 24675, 74316, 48492, 34965, 43680, 21525, 21924, 36750, 52275, 97566, 18480, 51450, 19647, 13440, 64227, 74728, 73238, 55860, 42588, 25305, 43368, 49590, 49245, 92742, 35520, 58539, 20895, 21210, 65114, 25830, 51480, 45486, 114540, 16380, 47853, 13824, 21318, 51765, 104264, 14490, 40716, 21816, 22458, 18690, 22470, 45510, 45570, 77805, 46820, 113724, 52395, 50286, 30870, 22680, 16380, 21735, 31395, 36498, 39585, 24045, 35748, 47264, 47400, 39663, 46248, 33075, 18585, 49692, 22680, 18900, 112299, 44940, 23544, 54168, 39478, 22470, 76424, 26880, 16065, 32445, 73560, 48615, 40530, 76030, 25935, 106650, 20160, 16761, 57285, 81141, 85306, 13755, 26985, 40959, 21315, 136956, 26145, 22365, 87098, 17850, 48195, 26040, 20685, 32550, 35385, 21525, 58869, 28875, 27090, 25095, 14910, 62126, 15120, 78246, 103719, 15330, 35595, 20790, 83916, 17955, 34188, 71400, 87801, 33075, 42934, 79431, 39060, 35550, 23205, 27930, 38076, 34920, 83640, 32865, 22680, 35235, 27090, 55809, 33705, 22995, 51555, 67122, 78888, 45390, 49916, 100642, 25095, 72675, 25095, 126456, 88608, 20370, 53286, 53280, 23520, 61702, 14805, 16380, 24255, 18900, 21000, 24255, 20475, 14700, 34755, 21735, 62475, 132204, 51408, 42735, 42630, 19635, 23940, 24150, 17325, 75735, 16170, 35600, 50619, 100125, 30099, 57960, 14385, 19635, 23205, 21630, 85407, 16590, 40404, 23625, 13860, 20790, 50820, 17535, 45828, 17430, 31185, 39375, 49023, 17115, 61596, 50295, 118652, 46570, 110580, 88830, 22050, 16485, 45402, 62496, 93676, 25725, 122145, 124785, 62586, 38280, 113918, 37848, 85658, 18165, 72568, 17535, 16590, 20475, 21420, 147548, 38400, 51273, 20685, 52272, 13965, 79474, 24570, 39270, 38550, 66951, 102424, 24570, 15318, 36354, 73125, 29295, 52166, 18480, 21000, 52185, 33402, 46515, 39480, 21630, 41948, 65329, 38481, 33972, 70422, 16170, 45480, 32469, 90783, 61255, 18690, 19215, 15750, 45150, 32724, 24975, 22575, 51516, 122420, 37950, 100485, 45386, 37538, 18900, 59656, 41790, 22050, 14700, 25305, 99382, 30810, 58806, 48510, 38955, 81480, 56977, 81174, 45990, 64491, 51642, 45141, 29400, 28560, 14700, 65732, 31590, 51213, 27930, 117526, 22365, 42075, 23625, 46224, 22995, 56211, 13860, 16380, 75600, 13650, 70560, 38418, 25830, 154350, 18870, 19320, 69264, 24045, 44415, 23520, 22890, 39270, 19950, 98504, 52884, 14595, 98290, 45562, 99310, 83028, 16983, 43995, 34965, 14280, 33402, 19845, 14700, 14805, 24087, 78300, 30765, 19845, 111267, 27825, 62816, 26040, 22260, 41499, 50601, 53162, 19425, 64227, 34656, 22890, 13440, 24255, 26352, 39480, 113040, 48510, 25410, 30765, 24465, 21525, 35595, 122094, 13440, 58563, 70888, 158104, 85347, 49476, 123966, 14280, 67378, 32550, 20265, 28080, 47985, 81672, 20370, 98794, 112437, 23940, 43092, 84490, 37485, 56762, 21630, 46800, 25725, 44625, 13440, 119925, 94384, 14070, 14070, 26355, 27615, 114840, 13860, 49284, 85146, 38499, 23730, 20685, 104422, 24780, 124758, 51948, 21315, 22995, 94688, 98158, 46778, 84202, 110565, 51668, 21420, 48222, 42000, 53520, 23625, 48510, 51156]
Max length: 158104
Split distribution: {'train': 400, 'test': 100}
Validating data alignment for client_1...
Total metadata rows: 500
Train tensor size: 400, Test tensor size: 100
Train metadata size: 400, Test metadata size: 100
Saved client_1: 400 train, 100 test samples
Signal lengths - Original: 13440-158104, Padded: 158104
Data alignment validated successfully!
Saved dataset summary to /gpfs/commons/groups/gursoy_lab/aelhussein/fl4tsf/data/ecg_clinical_10.0/dataset_summary.csv

Dataset Statistics:
Total patients: 1000
Clients: 2
Geography distribution: {'north_america': 2}
Mean HR range: 65.4-74.1 bpm
Mean QT range: 375-388 ms

Dataset generation complete!
--- Generating data for dirichlet-alpha: 5 ---
Creating ECG dataset with 2 clients, 500 patients each
Duration: 120.0s, Variable duration: False, Alpha: 5.0, Seed: 2
Generating patient data...
Generated 50 patients...
Generated 100 patients...
Generated 150 patients...
Generated 200 patients...
Generated 250 patients...
Generated 300 patients...
Generated 350 patients...
Generated 400 patients...
Generated 450 patients...
Generated 500 patients...
Generated 550 patients...
Generated 600 patients...
Generated 650 patients...
Generated 700 patients...
Generated 750 patients...
Generated 800 patients...
Generated 850 patients...
Generated 900 patients...
Generated 950 patients...
Generated 1000 patients...
Generated 1000 total patients across 2 clients
Client 0: 500 patients, archetypes: {'icu_critical': 71, 'cardiac_outpatient': 121, 'healthy_young': 99, 'athlete': 127, 'elderly_frail': 82}, comorbidity: {'diabetes': 122, 'renal_disease': 77, 'heart_failure': 128}, region: north_america
Client 1: 500 patients, archetypes: {'elderly_frail': 108, 'athlete': 125, 'healthy_young': 157, 'icu_critical': 73, 'cardiac_outpatient': 37}, comorbidity: {'heart_failure': 91, 'first_degree_av_block': 41, 'diabetes': 89}, region: north_america

Saving datasets to /gpfs/commons/groups/gursoy_lab/aelhussein/fl4tsf / data/ecg_clinical_5.0/...
Signal lengths: [132870, 47400, 18648, 55692, 41475, 18795, 33189, 78260, 19005, 60024, 33480, 97953, 40950, 54945, 33638, 23730, 50160, 14910, 42966, 23484, 51264, 33813, 34992, 30192, 32588, 77736, 101673, 39852, 110805, 18060, 32262, 47736, 21105, 51417, 40215, 23730, 48322, 15120, 53411, 33170, 16905, 103802, 39474, 19320, 37128, 18270, 24780, 48510, 39480, 47670, 53096, 34230, 28980, 22995, 22050, 45885, 138926, 14700, 49245, 18204, 20160, 34755, 21840, 18165, 37380, 14175, 28462, 52080, 52440, 40845, 42420, 36297, 34230, 19425, 37802, 41496, 30672, 50061, 53438, 41475, 93798, 22815, 14490, 37296, 48804, 42552, 52272, 128020, 28350, 39600, 57716, 26040, 51480, 63990, 50085, 28083, 40042, 45924, 69972, 35217, 23532, 19215, 25410, 22365, 21210, 20580, 51786, 67730, 33285, 57956, 26355, 17535, 37575, 22260, 23520, 61512, 16983, 55470, 37275, 32235, 36540, 24465, 19110, 32523, 57472, 38499, 83265, 66123, 23940, 30303, 28035, 35910, 109368, 15435, 59387, 41182, 33390, 53268, 154191, 34298, 52320, 18060, 21315, 51840, 18795, 32760, 54866, 48195, 46116, 110781, 18900, 129344, 53784, 36936, 113190, 14280, 34860, 91611, 42210, 22260, 118503, 41234, 45990, 55944, 43995, 47793, 37908, 29505, 93434, 43956, 51638, 44100, 23520, 54407, 27090, 52920, 49140, 35280, 24255, 17430, 59262, 32655, 41580, 48300, 19425, 43407, 35955, 37674, 42945, 119700, 19215, 46095, 52275, 37170, 41565, 44400, 40185, 31428, 44622, 25830, 51152, 55107, 22155, 27405, 46800, 112118, 37905, 94500, 48285, 61425, 23310, 44064, 82992, 25620, 38955, 41160, 40634, 45936, 51504, 44835, 48405, 22260, 35793, 19110, 83258, 28350, 29715, 138096, 37908, 59280, 34545, 39480, 127107, 66690, 46515, 62266, 30771, 44520, 117552, 43365, 64467, 34263, 96506, 60984, 54168, 100270, 21210, 104832, 31119, 49665, 86265, 39480, 59160, 41370, 50895, 15540, 29505, 38346, 49704, 83648, 65808, 40356, 23415, 16275, 19950, 18060, 44232, 53835, 25305, 39882, 46305, 109359, 92757, 65208, 59138, 13650, 35748, 106845, 52395, 32856, 35673, 118170, 53001, 50640, 32655, 41610, 87840, 17115, 30135, 113022, 31605, 40836, 40712, 25725, 96717, 46305, 50400, 50672, 21867, 36645, 25596, 67200, 115770, 61455, 46935, 31350, 49842, 39204, 77352, 36480, 45885, 19005, 13545, 78692, 52890, 14805, 42822, 32235, 89378, 26355, 34680, 55670, 45045, 34965, 106821, 44415, 15015, 104784, 49434, 32744, 22785, 16380, 62640, 55902, 37638, 36297, 40530, 104678, 89739, 56364, 47685, 42846, 23205, 23625, 37454, 55094, 24045, 40064, 62100, 32655, 48195, 46332, 32288, 39758, 63620, 34860, 32760, 113298, 24990, 51408, 42000, 50172, 57000, 45969, 42735, 44456, 40215, 110542, 16302, 70125, 19224, 33390, 30480, 53592, 40216, 109998, 25200, 23835, 67977, 19740, 41895, 17535, 59502, 42945, 19215, 49198, 21315, 30765, 37392, 67208, 54858, 14490, 23205, 47775, 15435, 15873, 21105, 36480, 37800, 48924, 93960, 48825, 112800, 51286, 19980, 37800, 117319, 91350, 61866, 26460, 16200, 17427, 86802, 28512, 26145, 46305, 38325, 39192, 54720, 30608, 20160, 25620, 33588, 50868, 22470, 50952, 24045, 56916, 92961, 40470, 16590, 73728, 58198, 50718, 40950, 54057, 87750, 121378, 57354, 18060, 40110, 43890, 14385, 48300, 32640, 26145, 29610, 23310, 48840, 90441, 36936, 24885, 25620, 22155, 23520, 44178, 47619, 48060, 39150, 17745, 46671, 48222, 79440, 26145, 24150, 35070, 44310, 33915, 19530, 57213, 126000, 33726, 17850, 26145, 38430, 30496, 21210, 34020, 49140, 48090, 45360, 20895, 35076, 46935, 19635, 20580, 42105, 20160, 31239, 18759, 33972, 23205, 38220, 24990, 47985, 41184, 39120, 69312, 106412, 42854]
Max length: 154191
Split distribution: {'train': 400, 'test': 100}
Validating data alignment for client_0...
Total metadata rows: 500
Train tensor size: 400, Test tensor size: 100
Train metadata size: 400, Test metadata size: 100
Saved client_0: 400 train, 100 test samples
Signal lengths - Original: 13545-154191, Padded: 154191
Data alignment validated successfully!
Signal lengths: [46292, 42105, 13650, 40740, 33300, 23205, 82636, 15750, 13755, 30765, 44820, 41256, 14385, 50190, 74448, 105135, 44835, 67275, 67704, 45288, 72036, 25515, 77512, 86278, 24150, 20265, 49875, 59900, 58383, 25830, 64368, 27639, 41475, 51870, 16905, 78120, 37962, 56277, 35112, 34860, 25515, 27615, 25200, 30030, 20895, 44310, 25515, 49770, 27615, 34638, 45465, 34320, 142008, 14700, 46725, 15015, 41256, 82164, 20685, 39738, 14280, 117747, 132624, 23310, 30186, 21945, 24150, 88803, 47526, 49980, 36015, 48708, 39375, 43260, 127364, 20265, 78039, 21630, 24780, 21525, 56578, 65745, 34020, 16956, 46410, 14385, 25200, 29412, 24570, 22155, 19845, 88578, 52080, 87723, 30765, 24465, 21735, 28875, 27528, 37905, 16485, 42228, 29820, 118008, 37074, 15645, 34236, 30660, 28462, 32058, 17955, 15645, 42237, 89166, 50925, 83613, 47400, 63882, 24885, 19110, 21105, 37392, 32526, 21945, 77138, 23940, 78960, 34440, 22890, 22890, 21525, 22365, 35385, 79432, 25620, 125078, 51732, 20160, 28770, 27405, 25641, 41685, 17010, 43680, 98290, 18270, 23415, 24150, 46058, 27861, 19320, 27084, 93472, 39312, 48615, 17115, 37185, 38330, 28770, 31185, 100138, 36435, 41685, 13860, 36072, 47304, 59655, 31815, 39603, 22155, 48924, 15540, 19635, 14796, 46170, 15645, 53694, 13545, 51652, 48195, 21420, 43995, 23004, 67452, 47160, 34650, 72548, 40946, 25830, 44088, 91246, 16170, 46732, 25620, 141120, 37275, 25308, 32062, 54510, 68542, 50061, 110565, 18900, 53835, 24465, 23520, 35721, 33189, 35409, 71520, 122440, 114796, 31524, 113553, 31920, 19845, 47952, 24990, 23415, 44590, 121761, 21735, 15330, 46620, 50925, 105894, 29412, 37170, 78516, 13965, 19950, 26307, 35070, 15225, 98948, 27108, 48825, 145137, 38142, 49455, 40725, 21840, 21210, 50553, 21735, 21735, 35217, 49245, 136768, 47559, 25935, 58986, 40716, 20160, 40320, 21525, 21090, 23520, 55080, 56772, 47880, 41832, 25095, 32655, 22050, 21840, 30525, 51300, 49350, 24360, 67604, 56880, 41958, 53580, 56760, 56012, 30975, 37170, 54180, 21000, 15750, 50085, 47040, 52012, 43365, 44625, 42984, 16485, 49800, 60142, 22680, 45885, 33087, 51240, 65844, 14700, 38781, 16695, 37485, 32445, 79596, 15540, 27084, 105487, 85306, 60066, 29268, 35853, 18900, 49560, 39375, 38535, 14070, 43785, 100615, 81298, 124693, 25830, 14763, 35175, 47470, 36120, 17325, 107892, 71930, 40425, 124695, 51528, 32760, 47145, 23544, 20160, 22050, 40005, 32340, 47994, 24990, 46287, 45714, 33174, 45338, 23415, 13440, 19215, 21210, 16632, 48195, 24780, 18480, 49560, 21735, 29400, 53580, 34230, 52440, 35595, 67932, 46740, 37185, 110086, 44205, 47186, 25200, 22050, 40080, 18060, 21105, 68386, 21420, 54978, 23730, 50126, 62248, 37065, 43320, 19320, 23205, 68502, 42735, 48954, 54905, 73035, 15750, 109152, 41580, 18315, 55227, 23205, 29400, 21525, 48528, 14592, 24990, 26775, 15750, 107880, 38052, 56280, 118503, 58340, 32445, 23415, 21735, 51450, 22890, 33495, 24624, 43995, 29025, 42228, 51345, 27756, 46725, 23415, 46872, 26460, 24675, 26880, 17325, 48090, 83506, 40740, 17316, 72864, 65238, 25410, 13650, 14280, 36972, 35356, 46731, 24045, 33810, 77778, 20895, 44310, 16695, 77937, 23100, 16275, 19635, 44625, 111352, 42927, 13545, 30240, 17220, 19950, 15960, 24990, 21420, 20160, 14910, 44940, 22470, 22050, 60762, 22260, 13755, 41205, 113013, 31524, 22680, 24465, 35217, 16485, 71577, 38961, 41055, 15015, 31524, 17535, 38010, 100605, 79443, 44988, 52200, 20790, 31968, 65025, 50610, 17325, 73828, 21630, 38190, 34521, 125857, 13545, 39585, 21840, 44694, 14910, 47520, 23940, 42000, 32550, 31185, 18900, 50610, 51255]
Max length: 145137
Split distribution: {'train': 400, 'test': 100}
Validating data alignment for client_1...
Total metadata rows: 500
Train tensor size: 400, Test tensor size: 100
Train metadata size: 400, Test metadata size: 100
Saved client_1: 400 train, 100 test samples
Signal lengths - Original: 13440-145137, Padded: 145137
Data alignment validated successfully!
Saved dataset summary to /gpfs/commons/groups/gursoy_lab/aelhussein/fl4tsf/data/ecg_clinical_5.0/dataset_summary.csv

Dataset Statistics:
Total patients: 1000
Clients: 2
Geography distribution: {'north_america': 2}
Mean HR range: 70.5-71.8 bpm
Mean QT range: 376-388 ms

Dataset generation complete!
--- Generating data for dirichlet-alpha: 1 ---
Creating ECG dataset with 2 clients, 500 patients each
Duration: 120.0s, Variable duration: False, Alpha: 1.0, Seed: 2
Generating patient data...
Generated 50 patients...
Generated 100 patients...
Generated 150 patients...
Generated 200 patients...
Generated 250 patients...
Generated 300 patients...
Generated 350 patients...
Generated 400 patients...
Generated 450 patients...
Generated 500 patients...
Generated 550 patients...
Generated 600 patients...
Generated 650 patients...
Generated 700 patients...
Generated 750 patients...
Generated 800 patients...
Generated 850 patients...
Generated 900 patients...
Generated 950 patients...
Generated 1000 patients...
Generated 1000 total patients across 2 clients
Client 0: 500 patients, archetypes: {'elderly_frail': 111, 'cardiac_outpatient': 140, 'icu_critical': 181, 'athlete': 32, 'healthy_young': 36}, comorbidity: {'diabetes': 158, 'pvc_burden_moderate': 116, 'right_bundle_branch_block': 70}, region: north_america
Client 1: 500 patients, archetypes: {'elderly_frail': 138, 'cardiac_outpatient': 135, 'athlete': 43, 'icu_critical': 158, 'healthy_young': 26}, comorbidity: {'diabetes': 147, 'renal_disease': 123, 'heart_failure': 219}, region: north_america

Saving datasets to /gpfs/commons/groups/gursoy_lab/aelhussein/fl4tsf / data/ecg_clinical_1.0/...
Signal lengths: [46728, 44004, 86318, 27615, 96970, 59340, 133132, 44400, 21210, 50400, 34992, 73388, 87822, 84846, 103020, 130680, 113867, 48405, 17010, 40470, 39882, 55560, 99099, 51906, 44730, 83308, 47424, 50423, 48195, 17010, 46170, 43329, 133623, 79464, 46242, 17115, 31635, 57194, 106785, 95012, 39060, 67068, 64491, 51615, 33228, 96120, 40404, 58590, 106650, 67962, 35226, 89230, 108938, 94080, 32946, 104112, 45886, 104832, 68688, 49248, 100370, 41553, 40392, 36960, 36297, 58920, 43956, 68607, 34020, 41310, 77270, 55080, 120712, 113900, 55695, 37050, 74976, 121263, 14430, 50197, 37804, 54873, 122760, 45936, 49950, 44133, 54492, 28350, 73352, 62509, 33696, 38160, 36240, 51282, 123480, 37440, 72891, 105708, 81174, 124743, 119952, 50052, 30525, 41838, 91219, 46926, 54432, 140826, 107757, 52812, 49560, 94419, 55350, 38325, 50004, 35600, 37620, 51638, 102442, 60291, 40095, 16800, 39096, 69687, 45387, 58172, 44232, 30414, 34384, 38991, 44415, 45612, 121572, 101417, 100422, 86541, 82476, 17745, 90525, 56334, 62572, 102951, 43428, 79950, 89248, 34010, 43056, 39312, 52605, 86742, 100380, 22260, 100827, 57159, 44104, 47565, 29568, 98838, 51960, 47304, 71574, 47565, 78030, 29484, 112150, 43758, 24885, 104370, 29982, 22155, 118702, 58515, 37629, 54407, 142364, 54675, 88401, 57644, 47736, 49086, 55176, 79605, 30345, 69112, 101520, 125624, 38430, 102848, 78692, 16905, 19320, 137709, 16695, 36708, 84578, 27090, 32370, 29190, 34200, 109268, 47478, 67077, 23310, 32643, 47400, 48415, 37800, 35424, 112668, 42120, 52185, 87966, 44310, 48108, 35340, 33840, 119412, 82062, 105300, 18690, 45076, 50784, 102753, 27090, 121886, 25200, 68648, 48090, 140132, 25620, 89632, 49104, 39312, 52732, 37074, 79299, 47470, 52056, 72570, 129978, 55335, 20265, 40455, 31119, 32274, 74148, 74932, 21735, 32262, 57472, 55200, 110930, 34524, 106590, 50061, 90297, 68856, 45504, 37734, 106312, 129024, 78435, 32130, 46224, 135441, 85658, 99480, 45684, 17535, 51734, 23940, 37192, 46053, 113288, 67179, 63096, 38986, 23100, 74130, 81795, 36018, 99896, 20895, 67620, 25830, 52896, 37065, 74266, 46592, 38991, 70923, 51150, 53550, 60606, 47871, 36600, 44733, 64944, 18165, 143026, 35748, 33174, 23100, 79222, 53025, 49446, 32184, 117555, 43758, 74796, 35280, 51345, 55462, 135651, 83076, 97644, 30262, 93093, 102786, 55146, 14070, 101938, 36612, 34335, 84105, 96492, 31875, 80732, 98679, 33744, 53613, 44242, 48600, 140976, 37638, 36297, 54510, 92454, 143608, 75862, 51840, 22680, 38406, 57644, 32967, 41265, 14910, 75660, 21525, 23730, 42450, 89859, 49419, 17640, 34428, 108480, 130800, 49506, 144228, 103716, 98729, 42210, 61987, 112548, 36682, 42042, 130134, 56211, 39195, 114933, 89775, 61446, 50190, 41154, 85902, 40320, 31166, 58142, 129586, 47586, 139800, 107670, 43860, 112930, 57750, 26040, 54492, 65918, 47775, 31833, 71466, 31005, 117096, 60435, 55814, 62086, 64005, 78628, 30030, 113019, 57681, 36075, 41918, 147312, 38470, 69820, 44520, 28620, 140790, 49725, 107040, 37050, 42012, 18480, 44388, 34398, 33087, 64014, 15540, 56150, 80042, 54266, 45279, 46398, 34125, 24948, 72072, 24624, 79214, 22785, 51813, 30552, 107364, 41790, 92516, 86715, 27756, 26307, 48216, 48000, 90567, 48108, 73656, 50544, 39606, 62572, 40920, 101661, 95355, 86652, 55104, 42454, 62784, 32058, 115236, 137643, 44982, 61593, 56430, 19740, 69398, 32805, 87976, 47985, 73186, 34335, 95142, 52569, 25935, 50190, 47175, 53694, 60192, 106142, 37092, 69596, 81585, 41895, 56823, 36000, 15645, 121388, 27000, 49200, 83438, 68448, 36297, 91476, 41511, 33188, 65520, 43875, 105835, 83295, 49414, 50976, 47310, 41184, 126048, 38664]
Max length: 147312
Split distribution: {'train': 400, 'test': 100}
Validating data alignment for client_0...
Total metadata rows: 500
Train tensor size: 400, Test tensor size: 100
Train metadata size: 400, Test metadata size: 100
Saved client_0: 400 train, 100 test samples
Signal lengths - Original: 14070-147312, Padded: 147312
Data alignment validated successfully!
Signal lengths: [52658, 54796, 45030, 21840, 78922, 48276, 105835, 45780, 43800, 43326, 43308, 52320, 124185, 121347, 35595, 45600, 45828, 64005, 66476, 50796, 30024, 50370, 97088, 40216, 38016, 41265, 48042, 42558, 78518, 104052, 90652, 46731, 94247, 40977, 119685, 99303, 145530, 149700, 121505, 58302, 45318, 58140, 40527, 30210, 55746, 107352, 32550, 30660, 45360, 30450, 28404, 31500, 37050, 23940, 51450, 21315, 53808, 109489, 32445, 76788, 75810, 41499, 34749, 45360, 55912, 41184, 46084, 14385, 47559, 141046, 59650, 42840, 97483, 35160, 33988, 42984, 41919, 132957, 36801, 39002, 47550, 55974, 43740, 30969, 57564, 19005, 15645, 37102, 32970, 131868, 79058, 72726, 40214, 70686, 51960, 62565, 44118, 53997, 28944, 21525, 99705, 98010, 28245, 129317, 85202, 30975, 102464, 56088, 31080, 64260, 16800, 50400, 24840, 62126, 71356, 49550, 80500, 43560, 59472, 46620, 61146, 78015, 93114, 57722, 61479, 80598, 49305, 28638, 65380, 34974, 38610, 86427, 81052, 123525, 90064, 75168, 55107, 38010, 51186, 42704, 74588, 110903, 51300, 19740, 33282, 71150, 54279, 37074, 43659, 103950, 104976, 106590, 31860, 98048, 60588, 41769, 71910, 18270, 30960, 58920, 33291, 45390, 32946, 46515, 48348, 55125, 134499, 110331, 72688, 76082, 86469, 47760, 65880, 22365, 57472, 53550, 47722, 90844, 61236, 62745, 63368, 45399, 132987, 98658, 68226, 140990, 126193, 44772, 39960, 26775, 53422, 26985, 153920, 142008, 21735, 51870, 107334, 62001, 46098, 46287, 41472, 52080, 53997, 30720, 60421, 73272, 30840, 46092, 82372, 25620, 46827, 35912, 35235, 91800, 54862, 31290, 100023, 96444, 44820, 50502, 102279, 129684, 46095, 22575, 27615, 37674, 34755, 41811, 23835, 82476, 48729, 92430, 76041, 29982, 49374, 37044, 32745, 37791, 29415, 77625, 67860, 49560, 37905, 91611, 30135, 42330, 53010, 55080, 38442, 34749, 48300, 40716, 111206, 82467, 49266, 32280, 38988, 30555, 41252, 51975, 52290, 38961, 74576, 62607, 85050, 48825, 42957, 44226, 48708, 61791, 48164, 32370, 54747, 100605, 47775, 150792, 58338, 14910, 23730, 35490, 32523, 35458, 39722, 52920, 96222, 45148, 36741, 62505, 86528, 108072, 98236, 91584, 29715, 14175, 107482, 46334, 57981, 36960, 35298, 21525, 55726, 140976, 56012, 20895, 42840, 123322, 24990, 52884, 55695, 26565, 112491, 75075, 56640, 66102, 17115, 48712, 33462, 34650, 35991, 107426, 33972, 109062, 37125, 108322, 90248, 63720, 25272, 81507, 37665, 40824, 97222, 32805, 41310, 42052, 32340, 47994, 46812, 41796, 39938, 53444, 75572, 97028, 76478, 51516, 122420, 66938, 32643, 43088, 37538, 47730, 54501, 105308, 39934, 37380, 51012, 75484, 50112, 113669, 36822, 85920, 30780, 80054, 42939, 26565, 43544, 21315, 100116, 23205, 50127, 54972, 105833, 35235, 102621, 28665, 34194, 50596, 48825, 67575, 56150, 58874, 56211, 30861, 58464, 128100, 42206, 30450, 57933, 15960, 53766, 50505, 49086, 134296, 30600, 57405, 41265, 51450, 148320, 48906, 82650, 51516, 56610, 25410, 139590, 44880, 15435, 72759, 61776, 50652, 29025, 70190, 44280, 27510, 36294, 108626, 78300, 114495, 83904, 53694, 46410, 53760, 62108, 114708, 35298, 127260, 149766, 45360, 33288, 36480, 40800, 43092, 109522, 73233, 64467, 60192, 65988, 58017, 40470, 45066, 95850, 36519, 114345, 102024, 50862, 87882, 38148, 29400, 68904, 111735, 124624, 29526, 37380, 43726, 116025, 43734, 86268, 44880, 27300, 97988, 32114, 50040, 130672, 35742, 92548, 44820, 17220, 90885, 54000, 91581, 49450, 54384, 28620, 102114, 79233, 55209, 79744, 72224, 62514, 51984, 42646, 35511, 82080, 46830, 60795, 32655, 142912, 53660, 91632, 50820, 56640, 41580, 74556, 21630, 52080, 35856, 41674, 46215, 19005, 39366, 32994, 68019]
Max length: 153920
Split distribution: {'train': 400, 'test': 100}
Validating data alignment for client_1...
Total metadata rows: 500
Train tensor size: 400, Test tensor size: 100
Train metadata size: 400, Test metadata size: 100
Saved client_1: 400 train, 100 test samples
Signal lengths - Original: 14175-153920, Padded: 153920
Data alignment validated successfully!
Saved dataset summary to /gpfs/commons/groups/gursoy_lab/aelhussein/fl4tsf/data/ecg_clinical_1.0/dataset_summary.csv

Dataset Statistics:
Total patients: 1000
Clients: 2
Geography distribution: {'north_america': 2}
Mean HR range: 81.8-82.4 bpm
Mean QT range: 408-410 ms

Dataset generation complete!
--- Generating data for dirichlet-alpha: 0.5 ---
Creating ECG dataset with 2 clients, 500 patients each
Duration: 120.0s, Variable duration: False, Alpha: 0.5, Seed: 2
Generating patient data...
Generated 50 patients...
Generated 100 patients...
Generated 150 patients...
Generated 200 patients...
Generated 250 patients...
Generated 300 patients...
Generated 350 patients...
Generated 400 patients...
Generated 450 patients...
Generated 500 patients...
Generated 550 patients...
Generated 600 patients...
Generated 650 patients...
Generated 700 patients...
Generated 750 patients...
Generated 800 patients...
Generated 850 patients...
Generated 900 patients...
Generated 950 patients...
Generated 1000 patients...
Generated 1000 total patients across 2 clients
Client 0: 500 patients, archetypes: {'icu_critical': 110, 'cardiac_outpatient': 148, 'elderly_frail': 242}, comorbidity: {'diabetes': 164, 'renal_disease': 133, 'heart_failure': 198}, region: north_america
Client 1: 500 patients, archetypes: {'athlete': 74, 'healthy_young': 100, 'cardiac_outpatient': 111, 'elderly_frail': 119, 'icu_critical': 96}, comorbidity: {'renal_disease': 90, 'pvc_burden_moderate': 78, 'old_anterior_mi': 96}, region: north_america

Saving datasets to /gpfs/commons/groups/gursoy_lab/aelhussein/fl4tsf / data/ecg_clinical_0.5/...
Signal lengths: [132870, 108120, 123354, 111948, 56738, 28194, 55473, 51030, 53586, 117938, 70848, 38130, 51912, 85176, 48951, 43920, 31356, 44157, 39270, 52440, 45045, 54600, 37023, 51393, 55518, 30303, 47034, 103596, 61593, 46316, 86403, 34602, 61008, 41956, 90156, 34440, 41625, 38745, 56628, 33000, 34020, 30420, 46665, 85684, 53010, 40293, 103462, 99022, 29172, 51555, 61254, 112974, 46316, 45465, 39528, 54834, 52680, 41796, 45320, 127085, 37791, 46512, 54390, 36414, 43050, 43740, 37692, 28404, 41958, 45747, 51638, 41370, 33669, 148350, 30192, 48236, 39183, 58928, 99840, 121894, 30771, 36894, 69969, 42525, 55632, 40788, 90306, 101460, 48375, 28245, 57348, 40928, 48022, 35802, 32760, 35466, 47760, 36297, 27861, 50220, 36564, 37884, 39942, 49374, 66528, 75582, 43758, 93360, 33360, 45360, 38772, 39114, 51084, 48312, 93262, 54360, 45684, 55746, 41697, 42552, 45570, 42068, 46242, 57630, 59250, 39480, 39375, 96700, 68530, 51156, 49245, 59976, 112068, 29592, 34068, 47092, 49896, 36180, 97048, 53422, 100370, 101294, 27324, 46656, 42984, 42558, 47763, 69936, 110670, 29085, 38514, 47922, 61800, 36285, 30456, 39360, 41811, 119640, 52732, 43196, 99990, 32235, 50076, 50544, 57318, 75298, 47250, 49770, 32744, 35964, 118702, 49350, 95625, 37599, 42699, 57744, 44835, 40392, 35235, 58894, 67114, 33600, 57684, 52380, 45924, 46056, 50388, 58338, 33180, 34299, 40680, 102316, 60522, 54422, 39429, 48600, 55536, 47844, 38682, 38745, 57712, 52164, 138802, 40824, 124376, 44242, 35234, 98940, 70340, 45780, 136364, 50274, 42336, 37080, 49450, 46515, 67270, 47094, 52947, 60021, 53932, 41040, 33600, 42735, 36480, 77025, 44343, 32190, 31954, 39606, 49676, 35568, 51744, 118702, 28728, 83738, 55560, 38223, 51534, 61101, 56316, 83160, 49257, 48840, 29475, 46937, 47109, 67032, 67017, 100138, 45942, 50616, 50895, 48357, 29505, 38346, 47088, 83648, 53469, 118680, 79432, 46170, 34632, 48108, 40740, 102892, 101760, 35112, 41583, 50799, 48195, 35112, 37812, 110616, 36852, 53238, 95016, 31080, 124688, 44460, 51513, 57408, 38646, 36000, 45148, 55845, 34200, 71842, 39480, 87279, 51534, 53550, 138996, 47871, 34668, 77380, 43179, 80798, 108171, 48600, 91126, 54796, 102921, 97288, 37887, 41040, 34443, 54168, 34362, 116496, 77404, 58140, 83022, 27300, 46371, 47619, 50787, 75264, 33788, 57072, 48585, 54158, 120412, 35406, 41712, 39840, 51516, 94794, 43056, 87446, 45600, 29304, 72292, 76473, 120582, 37278, 80410, 48722, 34188, 30666, 40392, 48285, 61110, 69012, 45816, 42570, 105840, 55440, 36788, 38628, 35234, 38844, 50727, 50715, 76608, 41535, 35112, 47992, 53582, 43992, 48339, 43538, 150570, 90594, 69142, 33855, 33516, 30692, 114624, 41040, 53136, 115713, 33180, 49680, 34656, 32246, 37647, 48063, 112322, 52326, 51870, 53444, 74120, 54378, 114332, 49032, 70252, 97598, 57708, 29475, 40014, 88080, 45828, 52326, 32640, 39546, 105840, 58764, 98256, 64386, 66174, 37692, 36592, 72171, 38470, 69820, 44520, 64118, 140790, 41925, 107040, 40462, 44930, 58788, 44388, 34398, 33087, 64014, 35235, 56150, 43857, 50764, 41796, 46398, 104247, 60600, 30096, 50952, 36855, 43524, 44631, 39192, 87843, 73728, 149228, 92547, 39900, 54057, 28770, 55462, 57354, 48108, 46656, 50544, 49342, 38961, 79695, 61698, 57213, 39516, 125541, 41838, 44940, 55632, 36015, 42900, 46851, 56772, 43065, 106488, 50895, 42402, 44496, 29744, 47145, 82606, 50652, 60258, 30069, 109621, 40392, 42435, 53238, 36696, 43911, 70862, 90450, 28614, 39716, 58594, 53676, 51412, 70266, 106666, 42945, 52920, 36225, 33033, 82530, 33188, 36270, 43875, 105835, 40737, 49414, 61596, 36252, 41184, 49389, 38664]
Max length: 150570
Split distribution: {'train': 400, 'test': 100}
Validating data alignment for client_0...
Total metadata rows: 500
Train tensor size: 400, Test tensor size: 100
Train metadata size: 400, Test metadata size: 100
Saved client_0: 400 train, 100 test samples
Signal lengths - Original: 27300-150570, Padded: 150570
Data alignment validated successfully!
Signal lengths: [38115, 21105, 47880, 33396, 13650, 13440, 58464, 51932, 22575, 50295, 56826, 52320, 22890, 37800, 96903, 53580, 16170, 43845, 55458, 35742, 36112, 20160, 55290, 109203, 120356, 55901, 41265, 30240, 50085, 24360, 75486, 14595, 31468, 43470, 68256, 15435, 82236, 18585, 41685, 130134, 44634, 71160, 46398, 92746, 103833, 35175, 28350, 50388, 51232, 34576, 27648, 51442, 24780, 28875, 55404, 41514, 23625, 32865, 18795, 121518, 45621, 37791, 132382, 44940, 17640, 16206, 82170, 54489, 39396, 104792, 38151, 16275, 34146, 20868, 63357, 13650, 21000, 30135, 31878, 95134, 48954, 66975, 42854, 30765, 31707, 70266, 112630, 93615, 19647, 13440, 36354, 42876, 16065, 57330, 69255, 35572, 34398, 64480, 21735, 40462, 30420, 123354, 73158, 33111, 28842, 38304, 19950, 40425, 28080, 95526, 42105, 42750, 101420, 37920, 23100, 44955, 33862, 30496, 23520, 40392, 97461, 86802, 26460, 30975, 120392, 55167, 38955, 45252, 109311, 42846, 29748, 16170, 35109, 20895, 33240, 51516, 15330, 43623, 72675, 59170, 53932, 35070, 96657, 130659, 36225, 55242, 34440, 121622, 32250, 121746, 25200, 18375, 30960, 47640, 53784, 17640, 22680, 28614, 47718, 107716, 116518, 49248, 120645, 42840, 20160, 48930, 42075, 30030, 37761, 76082, 48924, 62685, 26145, 22365, 45675, 53550, 40450, 23625, 28956, 20475, 63368, 36120, 58941, 107793, 31356, 17850, 98626, 74040, 47724, 23625, 23940, 36765, 18375, 14805, 21735, 45320, 39783, 26784, 15120, 29640, 134296, 51870, 68076, 43524, 115623, 79152, 34125, 34920, 48276, 52198, 42360, 100725, 40587, 119722, 85701, 52059, 45864, 42322, 19215, 47145, 31395, 119271, 24570, 116565, 36210, 47702, 41688, 49356, 48300, 41160, 51555, 91180, 45684, 16485, 58344, 69678, 49925, 45414, 23625, 38880, 22785, 49617, 66460, 29526, 113544, 27864, 59040, 26985, 39375, 31857, 19845, 51660, 43512, 56274, 32280, 110725, 59942, 23625, 32340, 17640, 103140, 34071, 54960, 48195, 51300, 45900, 42945, 82256, 38430, 22050, 43260, 100605, 21525, 56700, 41328, 29820, 17745, 59511, 35520, 106227, 47784, 30740, 35438, 46656, 44280, 47952, 89700, 25830, 45570, 45780, 50085, 51960, 15540, 36450, 48672, 48407, 14490, 99974, 35793, 20895, 69264, 32926, 42840, 34521, 61200, 37590, 53586, 106005, 19530, 17535, 66015, 26145, 33180, 58938, 60009, 45510, 16380, 38850, 49680, 84807, 30969, 37044, 111930, 52290, 13965, 20646, 47565, 20475, 57687, 41154, 49128, 23730, 15096, 33180, 32340, 24465, 44880, 15960, 67728, 54918, 92097, 29250, 45692, 16905, 120730, 58509, 22680, 38535, 58658, 52402, 56992, 22995, 31320, 13650, 36750, 19215, 42402, 21420, 68679, 110400, 62244, 29715, 32409, 29367, 38430, 43544, 34755, 48954, 30496, 107992, 20265, 67294, 47400, 110681, 33534, 47940, 32292, 38448, 24465, 63045, 92248, 13650, 24570, 38874, 26040, 49506, 93704, 45360, 47985, 41895, 44892, 45279, 19530, 55029, 42180, 42735, 24360, 76180, 42620, 40014, 74442, 31605, 52140, 105105, 38340, 121056, 98955, 71564, 91179, 45941, 38880, 106782, 28944, 43473, 50505, 52140, 32865, 39165, 125541, 29982, 25515, 28462, 107835, 41616, 56154, 15873, 39120, 41475, 22680, 40950, 21105, 15012, 26529, 18795, 112716, 17430, 57546, 22680, 137376, 62010, 54600, 84532, 44100, 34020, 34335, 63194, 35640, 34628, 101043, 91260, 90159, 42420, 79458, 23310, 95378, 17955, 19950, 143925, 48906, 21525, 50925, 23205, 23730, 14385, 31468, 29914, 59400, 30192, 28620, 33540, 114448, 25305, 39672, 24087, 83538, 34860, 19005, 43785, 40932, 39238, 40530, 47730, 29970, 26973, 51660, 44109, 39398, 32190, 40388, 13545, 39585, 21840, 44694, 88596, 47520, 23940, 54000, 83228, 15855, 35910]
Max length: 143925
Split distribution: {'train': 400, 'test': 100}
Validating data alignment for client_1...
Total metadata rows: 500
Train tensor size: 400, Test tensor size: 100
Train metadata size: 400, Test metadata size: 100
Saved client_1: 400 train, 100 test samples
Signal lengths - Original: 13440-143925, Padded: 143925
Data alignment validated successfully!
Saved dataset summary to /gpfs/commons/groups/gursoy_lab/aelhussein/fl4tsf/data/ecg_clinical_0.5/dataset_summary.csv

Dataset Statistics:
Total patients: 1000
Clients: 2
Geography distribution: {'north_america': 2}
Mean HR range: 75.1-84.3 bpm
Mean QT range: 391-407 ms

Dataset generation complete!
--- Generating data for dirichlet-alpha: 0.1 ---
Creating ECG dataset with 2 clients, 500 patients each
Duration: 120.0s, Variable duration: False, Alpha: 0.1, Seed: 2
Generating patient data...
Generated 50 patients...
Generated 100 patients...
Generated 150 patients...
Generated 200 patients...
Generated 250 patients...
Generated 300 patients...
Generated 350 patients...
Generated 400 patients...
Generated 450 patients...
Generated 500 patients...
Generated 550 patients...
Generated 600 patients...
Generated 650 patients...
Generated 700 patients...
Generated 750 patients...
Generated 800 patients...
Generated 850 patients...
Generated 900 patients...
Generated 950 patients...
Generated 1000 patients...
Generated 1000 total patients across 2 clients
Client 0: 500 patients, archetypes: {'athlete': 230, 'healthy_young': 113, 'cardiac_outpatient': 44, 'elderly_frail': 67, 'icu_critical': 46}, comorbidity: {'pvc_burden_moderate': 44, 'diabetes': 58, 'copd': 49}, region: north_america
Client 1: 500 patients, archetypes: {'healthy_young': 341, 'athlete': 159}, comorbidity: {'diabetes': 10, 'pvc_burden_moderate': 12, 'renal_disease': 7}, region: north_america

Saving datasets to /gpfs/commons/groups/gursoy_lab/aelhussein/fl4tsf / data/ecg_clinical_0.1/...
Signal lengths: [48615, 25725, 27195, 52503, 47812, 30660, 65550, 23730, 42480, 25620, 107424, 20685, 47520, 21735, 34545, 32235, 56043, 46644, 16590, 37275, 41790, 36152, 47940, 37908, 20580, 19845, 116339, 121618, 48195, 51450, 46170, 51660, 24360, 35805, 29400, 32130, 37296, 18759, 51555, 37065, 18060, 67068, 41706, 17010, 43575, 53664, 43155, 21315, 22470, 22248, 33417, 117110, 24780, 16590, 41040, 52488, 75352, 32445, 17640, 30765, 21315, 22155, 25515, 45570, 23205, 29925, 24360, 37281, 24780, 19110, 24990, 43890, 32340, 52395, 42159, 30858, 21735, 18375, 50610, 21945, 46050, 23730, 57806, 33858, 23310, 40320, 32865, 14385, 109593, 21105, 31920, 16170, 24780, 33966, 29820, 32445, 27720, 40612, 34335, 38304, 40425, 24150, 39848, 22470, 74382, 107610, 36288, 15645, 49896, 110160, 38160, 27528, 51765, 93262, 38850, 31500, 24885, 26040, 34060, 25515, 16065, 94682, 44520, 123322, 23520, 44520, 48825, 48825, 136512, 47985, 46200, 42105, 47880, 25725, 32025, 19320, 51870, 49875, 52320, 18060, 21315, 101277, 36540, 42558, 33180, 50844, 56772, 40635, 145084, 23544, 28158, 40068, 68967, 38115, 34860, 47670, 35700, 37275, 22365, 38430, 40824, 50544, 43680, 47880, 28035, 37926, 33048, 62568, 50295, 83661, 49560, 33156, 21630, 52530, 27090, 25200, 23730, 52185, 21924, 24780, 21000, 39900, 32550, 42525, 42768, 25515, 14385, 64031, 35280, 33291, 21945, 50085, 26670, 30030, 33390, 15750, 37170, 24990, 44730, 28665, 15750, 31122, 41760, 32340, 43254, 32550, 25305, 36855, 28770, 27825, 15750, 44064, 44940, 25620, 23625, 35490, 26565, 79800, 41403, 84686, 30555, 25620, 45243, 18165, 31815, 48405, 142428, 25620, 25200, 21315, 36708, 143172, 83304, 22050, 52392, 35280, 57146, 34755, 84240, 49374, 32130, 24780, 56544, 32550, 55986, 25725, 24300, 22050, 67032, 51870, 24150, 16800, 38220, 37380, 19320, 45000, 30660, 50007, 22365, 40014, 43890, 19425, 46170, 33915, 55901, 28665, 30870, 69478, 43155, 17325, 138622, 16170, 105987, 27720, 30348, 28875, 52395, 25830, 13755, 30414, 29085, 24675, 85977, 25620, 48720, 34628, 26250, 40950, 22365, 29190, 44346, 19425, 96717, 46305, 50400, 16485, 21867, 36645, 129750, 19740, 44622, 21420, 21945, 37518, 23730, 14280, 43365, 68904, 42240, 137268, 24150, 15015, 26145, 43050, 92263, 22365, 23205, 38760, 33390, 17010, 40530, 24465, 27195, 22785, 39744, 19530, 13545, 27300, 29295, 57456, 51339, 17850, 26040, 62049, 39933, 46305, 21105, 15855, 91575, 22995, 47685, 14280, 23205, 31185, 70078, 27639, 45045, 26985, 62100, 74236, 48195, 18795, 51765, 39330, 32495, 51030, 38010, 49920, 45885, 23730, 49550, 30135, 59778, 85854, 36435, 47775, 19425, 38556, 52395, 32655, 15435, 27930, 34650, 23940, 23835, 23205, 58142, 22050, 46410, 48300, 17115, 30345, 49140, 48195, 39375, 23520, 49822, 34545, 33600, 13545, 39270, 107992, 36750, 40530, 47736, 14805, 52080, 38745, 14910, 46515, 41580, 19320, 26250, 20685, 36015, 41895, 96900, 48930, 47040, 22155, 32877, 18480, 38010, 18060, 16695, 28350, 39480, 27825, 35385, 18480, 31080, 21315, 29610, 27405, 38115, 14280, 13545, 77126, 47520, 49770, 18375, 43290, 84398, 35700, 92782, 47988, 28770, 36750, 52614, 37380, 23625, 40845, 19740, 47985, 29400, 36741, 52002, 41120, 45675, 44400, 31185, 24990, 24045, 43200, 46410, 43665, 49245, 103500, 96933, 33744, 42210, 33579, 85680, 14070, 27690, 14490, 50190, 21315, 111378, 37296, 25305, 13650, 14490, 45804, 47985, 37380, 27930, 15645, 78795, 19740, 15750, 18648, 44352, 25725, 23310, 42630, 21210, 46200, 41370, 43575, 46305, 25515, 47250, 39375, 96188, 42957, 22470, 24198, 22890, 56880]
Max length: 145084
Split distribution: {'train': 400, 'test': 100}
Validating data alignment for client_0...
Total metadata rows: 500
Train tensor size: 400, Test tensor size: 100
Train metadata size: 400, Test metadata size: 100
Saved client_0: 400 train, 100 test samples
Signal lengths - Original: 13545-145084, Padded: 145084
Data alignment validated successfully!
Signal lengths: [24885, 42105, 13650, 19740, 33300, 23205, 26676, 50190, 13755, 16428, 14700, 22365, 14385, 25305, 21630, 17955, 25056, 20535, 21708, 41895, 21105, 25200, 16380, 29505, 24642, 23520, 18375, 49875, 31080, 21840, 14040, 30660, 24150, 13650, 20160, 25935, 22260, 16800, 42630, 53613, 32025, 22365, 46935, 37590, 16416, 33705, 33522, 22995, 17850, 23625, 27195, 17745, 17955, 25830, 16380, 18900, 47355, 22785, 24045, 14595, 46935, 26355, 15552, 48930, 34965, 24150, 47670, 43365, 16065, 14595, 18900, 21000, 18690, 14175, 22260, 18165, 14070, 41685, 29025, 18165, 22155, 46830, 17535, 23310, 19548, 17535, 36435, 22785, 14385, 22155, 51345, 46095, 21000, 19110, 44310, 14385, 17640, 48300, 20790, 20979, 15330, 29085, 50610, 37800, 22260, 38850, 32235, 43890, 22050, 24360, 15855, 19530, 22785, 16275, 22050, 14070, 26355, 13545, 44520, 15120, 21525, 13545, 19950, 16485, 13440, 18060, 22995, 25410, 48300, 46515, 17955, 37800, 19005, 23310, 24675, 39480, 50715, 28980, 23205, 17010, 20895, 21735, 14541, 20895, 20580, 51660, 23100, 46305, 22785, 25620, 13440, 16800, 45045, 21840, 25725, 15228, 17064, 24675, 22050, 48825, 23760, 24885, 22470, 24885, 25935, 21420, 24780, 17871, 26985, 22155, 21315, 50925, 17640, 25830, 18480, 33390, 48195, 42630, 14070, 19950, 14910, 25095, 15318, 25515, 15330, 20685, 21315, 27615, 19425, 17010, 22050, 34020, 22365, 25620, 34650, 20160, 25308, 17115, 15225, 24255, 50061, 16170, 18900, 24675, 24255, 20370, 21735, 14070, 15540, 23520, 32865, 15435, 24150, 15330, 15435, 20202, 14904, 22050, 15540, 19740, 18690, 20895, 18165, 27090, 37800, 16800, 23730, 15540, 31815, 43470, 18900, 22995, 44310, 26670, 16095, 20160, 18900, 21525, 16485, 14805, 42000, 14700, 15225, 39585, 21630, 47145, 21000, 15012, 44415, 55278, 18375, 18375, 14904, 16590, 16485, 14805, 24885, 21630, 23415, 14385, 51870, 22680, 45255, 17535, 24570, 19950, 24732, 19005, 16065, 14070, 19005, 21420, 39795, 40005, 15960, 13755, 22470, 21105, 43890, 24570, 22260, 51030, 19950, 15750, 13965, 48300, 25305, 32340, 41055, 23310, 25305, 36225, 16983, 44940, 13440, 47985, 16695, 17010, 48405, 19320, 38535, 22365, 32025, 28035, 38010, 16590, 14700, 45255, 21210, 14490, 20265, 47565, 24045, 20790, 22050, 16872, 37800, 18480, 23310, 15645, 15855, 38850, 16485, 14490, 18060, 25095, 43365, 14700, 37485, 24360, 25410, 19005, 13650, 27195, 16590, 24465, 24150, 36960, 31080, 52395, 25515, 24570, 26352, 33285, 20634, 16485, 13440, 16380, 15540, 21105, 20790, 13755, 25935, 18900, 26040, 26529, 46830, 42000, 15015, 28560, 16380, 22572, 24885, 45150, 39060, 22260, 26862, 16695, 22785, 25410, 19845, 25419, 18060, 24465, 34650, 25830, 26565, 13755, 21315, 22365, 19530, 23520, 35385, 18795, 18060, 34440, 24360, 44415, 18795, 28980, 21315, 44835, 15750, 41265, 14385, 21525, 19740, 20160, 38955, 37275, 16590, 24150, 33915, 30030, 19215, 14385, 16380, 25200, 44835, 28560, 23520, 20790, 35280, 14700, 39690, 21945, 18060, 31395, 21525, 22260, 30450, 17982, 26568, 24570, 20580, 21525, 17010, 48510, 22050, 23652, 18480, 19530, 21312, 32025, 24675, 49350, 25830, 18690, 22155, 20370, 41685, 24675, 47985, 21420, 14595, 18252, 41790, 14700, 30345, 20685, 20580, 41790, 22575, 24570, 40950, 47565, 22680, 45990, 16275, 16695, 23520, 26529, 26145, 23607, 19950, 18375, 14595, 16485, 42735, 23652, 14910, 15015, 41265, 15960, 18690, 17325, 25725, 22995, 25935, 24570, 21420, 22050, 17535, 26244, 16905, 21525, 19320, 48720, 40005, 32655, 19215, 20370, 48510, 44730, 33075, 48090, 24150, 18900, 21105, 19950]
Max length: 55278
Split distribution: {'train': 400, 'test': 100}
Validating data alignment for client_1...
Total metadata rows: 500
Train tensor size: 400, Test tensor size: 100
Train metadata size: 400, Test metadata size: 100
Saved client_1: 400 train, 100 test samples
Signal lengths - Original: 13440-55278, Padded: 55278
Data alignment validated successfully!
Saved dataset summary to /gpfs/commons/groups/gursoy_lab/aelhussein/fl4tsf/data/ecg_clinical_0.1/dataset_summary.csv

Dataset Statistics:
Total patients: 1000
Clients: 2
Geography distribution: {'north_america': 2}
Mean HR range: 62.6-64.2 bpm
Mean QT range: 352-371 ms

Dataset generation complete!
